0 verbose cli F:\Node js\node.exe C:\Users\prane\AppData\Roaming\npm\node_modules\npm\bin\npm-cli.js
1 info using npm@11.14.1
2 info using node@v20.19.4
3 silly config load:file:C:\Users\prane\AppData\Roaming\npm\node_modules\npm\npmrc
4 silly config load:file:E:\KBW\.npmrc
5 silly config load:file:C:\Users\prane\.npmrc
6 silly config load:file:C:\Users\prane\AppData\Roaming\npm\etc\npmrc
7 verbose title npm install serve
8 verbose argv "install" "serve" "--cache" "./.npm-cache"
9 verbose logfile logs-max:10 dir:E:\KBW\.npm-cache\_logs\2026-07-05T17_04_17_176Z-
10 verbose logfile E:\KBW\.npm-cache\_logs\2026-07-05T17_04_17_176Z-debug-0.log
11 silly logfile done cleaning log files
12 silly packumentCache heap:2197815296 maxSize:549453824 maxEntrySize:274726912
13 silly idealTree buildDeps
14 silly fetch manifest serve@*
15 silly packumentCache full:https://registry.npmjs.org/serve cache-miss
16 http fetch GET 200 https://registry.npmjs.org/serve 720ms (cache miss)
17 silly packumentCache full:https://registry.npmjs.org/serve set size:undefined disposed:false
18 silly placeDep ROOT serve@14.2.6 OK for: kbw@1.0.0 want: *
19 silly fetch manifest @zeit/schemas@2.36.0
20 silly packumentCache full:https://registry.npmjs.org/@zeit%2fschemas cache-miss
21 silly fetch manifest ajv@8.18.0
22 silly packumentCache full:https://registry.npmjs.org/ajv cache-miss
23 silly fetch manifest arg@5.0.2
24 silly packumentCache full:https://registry.npmjs.org/arg cache-miss
25 silly fetch manifest boxen@7.0.0
26 silly packumentCache full:https://registry.npmjs.org/boxen cache-miss
27 silly fetch manifest chalk@5.0.1
28 silly packumentCache full:https://registry.npmjs.org/chalk cache-miss
29 silly fetch manifest chalk-template@0.4.0
30 silly packumentCache full:https://registry.npmjs.org/chalk-template cache-miss
31 silly fetch manifest clipboardy@3.0.0
32 silly packumentCache full:https://registry.npmjs.org/clipboardy cache-miss
33 silly fetch manifest compression@1.8.1
34 silly packumentCache full:https://registry.npmjs.org/compression cache-miss
35 silly fetch manifest is-port-reachable@4.0.0
36 silly packumentCache full:https://registry.npmjs.org/is-port-reachable cache-miss
37 silly fetch manifest serve-handler@6.1.7
38 silly packumentCache full:https://registry.npmjs.org/serve-handler cache-miss
39 silly fetch manifest update-check@1.5.4
40 silly packumentCache full:https://registry.npmjs.org/update-check cache-miss
41 http fetch GET 200 https://registry.npmjs.org/arg 423ms (cache miss)
42 silly packumentCache full:https://registry.npmjs.org/arg set size:undefined disposed:false
43 http fetch GET 200 https://registry.npmjs.org/npm 1388ms
44 http fetch GET 200 https://registry.npmjs.org/ajv 537ms (cache miss)
45 silly packumentCache full:https://registry.npmjs.org/ajv set size:undefined disposed:false
46 http fetch GET 200 https://registry.npmjs.org/chalk 585ms (cache miss)
47 silly packumentCache full:https://registry.npmjs.org/chalk set size:undefined disposed:false
48 http fetch GET 200 https://registry.npmjs.org/update-check 603ms (cache miss)
49 silly packumentCache full:https://registry.npmjs.org/update-check set size:undefined disposed:false
50 http fetch GET 200 https://registry.npmjs.org/serve-handler 683ms (cache miss)
51 silly packumentCache full:https://registry.npmjs.org/serve-handler set size:undefined disposed:false
52 http fetch GET 200 https://registry.npmjs.org/boxen 794ms (cache miss)
53 silly packumentCache full:https://registry.npmjs.org/boxen set size:undefined disposed:false
54 http fetch GET 200 https://registry.npmjs.org/@zeit%2fschemas 810ms (cache miss)
55 silly packumentCache full:https://registry.npmjs.org/@zeit%2fschemas set size:undefined disposed:false
56 http fetch GET 200 https://registry.npmjs.org/chalk-template 844ms (cache miss)
57 silly packumentCache full:https://registry.npmjs.org/chalk-template set size:undefined disposed:false
58 http fetch GET 200 https://registry.npmjs.org/clipboardy 859ms (cache miss)
59 silly packumentCache full:https://registry.npmjs.org/clipboardy set size:undefined disposed:false
60 http fetch GET 200 https://registry.npmjs.org/compression 872ms (cache miss)
61 silly packumentCache full:https://registry.npmjs.org/compression set size:undefined disposed:false
62 http fetch GET 200 https://registry.npmjs.org/is-port-reachable 903ms (cache miss)
63 silly packumentCache full:https://registry.npmjs.org/is-port-reachable set size:undefined disposed:false
64 silly placeDep ROOT @zeit/schemas@2.36.0 OK for: serve@14.2.6 want: 2.36.0
65 silly placeDep ROOT ajv@8.18.0 OK for: serve@14.2.6 want: 8.18.0
66 silly placeDep ROOT arg@5.0.2 OK for: serve@14.2.6 want: 5.0.2
67 silly placeDep ROOT boxen@7.0.0 OK for: serve@14.2.6 want: 7.0.0
68 silly placeDep ROOT chalk@5.0.1 OK for: serve@14.2.6 want: 5.0.1
69 silly placeDep ROOT chalk-template@0.4.0 OK for: serve@14.2.6 want: 0.4.0
70 silly placeDep ROOT clipboardy@3.0.0 OK for: serve@14.2.6 want: 3.0.0
71 silly placeDep ROOT compression@1.8.1 OK for: serve@14.2.6 want: 1.8.1
72 silly placeDep ROOT is-port-reachable@4.0.0 OK for: serve@14.2.6 want: 4.0.0
73 silly placeDep ROOT serve-handler@6.1.7 OK for: serve@14.2.6 want: 6.1.7
74 silly placeDep ROOT update-check@1.5.4 OK for: serve@14.2.6 want: 1.5.4
75 silly fetch manifest fast-uri@^3.0.1
76 silly packumentCache full:https://registry.npmjs.org/fast-uri cache-miss
77 silly fetch manifest fast-deep-equal@^3.1.3
78 silly packumentCache full:https://registry.npmjs.org/fast-deep-equal cache-miss
79 silly fetch manifest require-from-string@^2.0.2
80 silly packumentCache full:https://registry.npmjs.org/require-from-string cache-miss
81 silly fetch manifest json-schema-traverse@^1.0.0
82 silly packumentCache full:https://registry.npmjs.org/json-schema-traverse cache-miss
83 silly fetch manifest chalk@^5.0.1
84 silly packumentCache full:https://registry.npmjs.org/chalk cache-miss
85 silly fetch manifest camelcase@^7.0.0
86 silly packumentCache full:https://registry.npmjs.org/camelcase cache-miss
87 silly fetch manifest cli-boxes@^3.0.0
88 silly packumentCache full:https://registry.npmjs.org/cli-boxes cache-miss
89 silly fetch manifest type-fest@^2.13.0
90 silly packumentCache full:https://registry.npmjs.org/type-fest cache-miss
91 silly fetch manifest wrap-ansi@^8.0.1
92 silly packumentCache full:https://registry.npmjs.org/wrap-ansi cache-miss
93 silly fetch manifest ansi-align@^3.0.1
94 silly packumentCache full:https://registry.npmjs.org/ansi-align cache-miss
95 silly fetch manifest widest-line@^4.0.1
96 silly packumentCache full:https://registry.npmjs.org/widest-line cache-miss
97 silly fetch manifest string-width@^5.1.2
98 silly packumentCache full:https://registry.npmjs.org/string-width cache-miss
99 silly fetch manifest chalk@^4.1.2
100 silly packumentCache full:https://registry.npmjs.org/chalk cache-miss
101 silly fetch manifest arch@^2.2.0
102 silly packumentCache full:https://registry.npmjs.org/arch cache-miss
103 silly fetch manifest execa@^5.1.1
104 silly packumentCache full:https://registry.npmjs.org/execa cache-miss
105 http cache https://registry.npmjs.org/chalk 61ms (cache hit)
106 silly packumentCache full:https://registry.npmjs.org/chalk set size:117861 disposed:false
107 silly fetch manifest is-wsl@^2.2.0
108 silly packumentCache full:https://registry.npmjs.org/is-wsl cache-miss
109 http cache https://registry.npmjs.org/chalk 63ms (cache hit)
110 silly packumentCache full:https://registry.npmjs.org/chalk set size:117861 disposed:false
111 silly packumentCache full:https://registry.npmjs.org/chalk dispose
112 silly fetch manifest vary@~1.1.2
113 silly packumentCache full:https://registry.npmjs.org/vary cache-miss
114 http fetch GET 200 https://registry.npmjs.org/cli-boxes 115ms (cache miss)
115 silly packumentCache full:https://registry.npmjs.org/cli-boxes set size:undefined disposed:false
116 silly fetch manifest bytes@3.1.2
117 silly packumentCache full:https://registry.npmjs.org/bytes cache-miss
118 http fetch GET 200 https://registry.npmjs.org/require-from-string 128ms (cache miss)
119 silly packumentCache full:https://registry.npmjs.org/require-from-string set size:undefined disposed:false
120 silly fetch manifest debug@2.6.9
121 silly packumentCache full:https://registry.npmjs.org/debug cache-miss
122 http fetch GET 200 https://registry.npmjs.org/fast-deep-equal 155ms (cache miss)
123 silly packumentCache full:https://registry.npmjs.org/fast-deep-equal set size:undefined disposed:false
124 silly fetch manifest negotiator@~0.6.4
125 silly packumentCache full:https://registry.npmjs.org/negotiator cache-miss
126 http fetch GET 200 https://registry.npmjs.org/json-schema-traverse 159ms (cache miss)
127 silly packumentCache full:https://registry.npmjs.org/json-schema-traverse set size:undefined disposed:false
128 silly fetch manifest on-headers@~1.1.0
129 silly packumentCache full:https://registry.npmjs.org/on-headers cache-miss
130 http fetch GET 200 https://registry.npmjs.org/camelcase 178ms (cache miss)
131 silly packumentCache full:https://registry.npmjs.org/camelcase set size:undefined disposed:false
132 silly fetch manifest safe-buffer@5.2.1
133 silly packumentCache full:https://registry.npmjs.org/safe-buffer cache-miss
134 http fetch GET 200 https://registry.npmjs.org/vary 156ms (cache miss)
135 silly packumentCache full:https://registry.npmjs.org/vary set size:undefined disposed:false
136 silly fetch manifest compressible@~2.0.18
137 silly packumentCache full:https://registry.npmjs.org/compressible cache-miss
138 http fetch GET 200 https://registry.npmjs.org/wrap-ansi 238ms (cache miss)
139 silly packumentCache full:https://registry.npmjs.org/wrap-ansi set size:undefined disposed:false
140 silly fetch manifest bytes@3.0.0
141 silly packumentCache full:https://registry.npmjs.org/bytes cache-miss
142 http fetch GET 200 https://registry.npmjs.org/bytes 142ms (cache miss)
143 silly packumentCache full:https://registry.npmjs.org/bytes set size:undefined disposed:false
144 silly fetch manifest content-disposition@0.5.2
145 silly packumentCache full:https://registry.npmjs.org/content-disposition cache-miss
146 http fetch GET 200 https://registry.npmjs.org/negotiator 119ms (cache miss)
147 silly packumentCache full:https://registry.npmjs.org/negotiator set size:undefined disposed:false
148 silly fetch manifest mime-types@2.1.18
149 silly packumentCache full:https://registry.npmjs.org/mime-types cache-miss
150 http fetch GET 200 https://registry.npmjs.org/on-headers 135ms (cache miss)
151 silly packumentCache full:https://registry.npmjs.org/on-headers set size:undefined disposed:false
152 silly fetch manifest minimatch@3.1.5
153 silly packumentCache full:https://registry.npmjs.org/minimatch cache-miss
154 http fetch GET 200 https://registry.npmjs.org/debug 176ms (cache miss)
155 silly packumentCache full:https://registry.npmjs.org/debug set size:undefined disposed:false
156 silly fetch manifest path-is-inside@1.0.2
157 silly packumentCache full:https://registry.npmjs.org/path-is-inside cache-miss
158 http fetch GET 200 https://registry.npmjs.org/safe-buffer 145ms (cache miss)
159 silly packumentCache full:https://registry.npmjs.org/safe-buffer set size:undefined disposed:false
160 silly fetch manifest path-to-regexp@3.3.0
161 silly packumentCache full:https://registry.npmjs.org/path-to-regexp cache-miss
162 http fetch GET 200 https://registry.npmjs.org/type-fest 333ms (cache miss)
163 silly packumentCache full:https://registry.npmjs.org/type-fest set size:undefined disposed:false
164 silly fetch manifest range-parser@1.2.0
165 silly packumentCache full:https://registry.npmjs.org/range-parser cache-miss
166 http fetch GET 200 https://registry.npmjs.org/fast-uri 399ms (cache miss)
167 silly packumentCache full:https://registry.npmjs.org/fast-uri set size:undefined disposed:false
168 silly fetch manifest registry-auth-token@3.3.2
169 silly packumentCache full:https://registry.npmjs.org/registry-auth-token cache-miss
170 http fetch GET 200 https://registry.npmjs.org/content-disposition 172ms (cache miss)
171 silly packumentCache full:https://registry.npmjs.org/content-disposition set size:undefined disposed:false
172 silly fetch manifest registry-url@3.1.0
173 silly packumentCache full:https://registry.npmjs.org/registry-url cache-miss
174 http fetch GET 200 https://registry.npmjs.org/compressible 215ms (cache miss)
175 silly packumentCache full:https://registry.npmjs.org/compressible set size:undefined disposed:false
176 http fetch GET 200 https://registry.npmjs.org/is-wsl 397ms (cache miss)
177 silly packumentCache full:https://registry.npmjs.org/is-wsl set size:undefined disposed:false
178 http fetch GET 200 https://registry.npmjs.org/ansi-align 472ms (cache miss)
179 silly packumentCache full:https://registry.npmjs.org/ansi-align set size:undefined disposed:false
180 http fetch GET 200 https://registry.npmjs.org/widest-line 472ms (cache miss)
181 silly packumentCache full:https://registry.npmjs.org/widest-line set size:undefined disposed:false
182 http fetch GET 200 https://registry.npmjs.org/arch 472ms (cache miss)
183 silly packumentCache full:https://registry.npmjs.org/arch set size:undefined disposed:false
184 http fetch GET 200 https://registry.npmjs.org/bytes 242ms (cache miss)
185 silly packumentCache full:https://registry.npmjs.org/bytes set size:undefined disposed:false
186 http fetch GET 200 https://registry.npmjs.org/string-width 484ms (cache miss)
187 silly packumentCache full:https://registry.npmjs.org/string-width set size:undefined disposed:false
188 http fetch GET 200 https://registry.npmjs.org/mime-types 214ms (cache miss)
189 silly packumentCache full:https://registry.npmjs.org/mime-types set size:undefined disposed:false
190 http fetch GET 200 https://registry.npmjs.org/range-parser 155ms (cache miss)
191 silly packumentCache full:https://registry.npmjs.org/range-parser set size:undefined disposed:false
192 http fetch GET 200 https://registry.npmjs.org/path-to-regexp 183ms (cache miss)
193 silly packumentCache full:https://registry.npmjs.org/path-to-regexp set size:undefined disposed:false
194 http fetch GET 200 https://registry.npmjs.org/execa 509ms (cache miss)
195 silly packumentCache full:https://registry.npmjs.org/execa set size:undefined disposed:false
196 http fetch GET 200 https://registry.npmjs.org/minimatch 238ms (cache miss)
197 silly packumentCache full:https://registry.npmjs.org/minimatch set size:undefined disposed:false
198 http fetch GET 200 https://registry.npmjs.org/path-is-inside 314ms (cache miss)
199 silly packumentCache full:https://registry.npmjs.org/path-is-inside set size:undefined disposed:false
200 http fetch GET 200 https://registry.npmjs.org/registry-auth-token 383ms (cache miss)
201 silly packumentCache full:https://registry.npmjs.org/registry-auth-token set size:undefined disposed:false
202 http fetch GET 200 https://registry.npmjs.org/registry-url 339ms (cache miss)
203 silly packumentCache full:https://registry.npmjs.org/registry-url set size:undefined disposed:false
204 silly placeDep ROOT fast-deep-equal@3.1.3 OK for: ajv@8.18.0 want: ^3.1.3
205 silly placeDep ROOT fast-uri@3.1.3 OK for: ajv@8.18.0 want: ^3.0.1
206 silly placeDep ROOT json-schema-traverse@1.0.0 OK for: ajv@8.18.0 want: ^1.0.0
207 silly placeDep ROOT require-from-string@2.0.2 OK for: ajv@8.18.0 want: ^2.0.2
208 silly placeDep ROOT ansi-align@3.0.1 OK for: boxen@7.0.0 want: ^3.0.1
209 silly placeDep ROOT camelcase@7.0.1 OK for: boxen@7.0.0 want: ^7.0.0
210 silly placeDep ROOT cli-boxes@3.0.0 OK for: boxen@7.0.0 want: ^3.0.0
211 silly placeDep ROOT string-width@5.1.2 OK for: boxen@7.0.0 want: ^5.1.2
212 silly placeDep ROOT type-fest@2.19.0 OK for: boxen@7.0.0 want: ^2.13.0
213 silly placeDep ROOT widest-line@4.0.1 OK for: boxen@7.0.0 want: ^4.0.1
214 silly placeDep ROOT wrap-ansi@8.1.0 OK for: boxen@7.0.0 want: ^8.0.1
215 silly fetch manifest string-width@^4.1.0
216 silly packumentCache full:https://registry.npmjs.org/string-width cache-miss
217 silly fetch manifest strip-ansi@^7.0.1
218 silly packumentCache full:https://registry.npmjs.org/strip-ansi cache-miss
219 silly fetch manifest emoji-regex@^9.2.2
220 silly packumentCache full:https://registry.npmjs.org/emoji-regex cache-miss
221 silly fetch manifest eastasianwidth@^0.2.0
222 silly packumentCache full:https://registry.npmjs.org/eastasianwidth cache-miss
223 silly fetch manifest strip-ansi@^7.0.1
224 silly packumentCache full:https://registry.npmjs.org/strip-ansi cache-miss
225 silly fetch manifest ansi-styles@^6.1.0
226 silly packumentCache full:https://registry.npmjs.org/ansi-styles cache-miss
227 http cache https://registry.npmjs.org/string-width 29ms (cache hit)
228 silly packumentCache full:https://registry.npmjs.org/string-width set size:70381 disposed:false
229 http fetch GET 200 https://registry.npmjs.org/strip-ansi 139ms (cache miss)
230 silly packumentCache full:https://registry.npmjs.org/strip-ansi set size:undefined disposed:false
231 http fetch GET 200 https://registry.npmjs.org/eastasianwidth 137ms (cache miss)
232 silly packumentCache full:https://registry.npmjs.org/eastasianwidth set size:undefined disposed:false
233 http fetch GET 200 https://registry.npmjs.org/ansi-styles 139ms (cache miss)
234 silly packumentCache full:https://registry.npmjs.org/ansi-styles set size:undefined disposed:false
235 http fetch GET 200 https://registry.npmjs.org/emoji-regex 150ms (cache miss)
236 silly packumentCache full:https://registry.npmjs.org/emoji-regex set size:undefined disposed:false
237 http fetch GET 200 https://registry.npmjs.org/strip-ansi 170ms (cache miss)
238 silly packumentCache full:https://registry.npmjs.org/strip-ansi set size:undefined disposed:false
239 silly placeDep node_modules/ansi-align string-width@4.2.3 OK for: ansi-align@3.0.1 want: ^4.1.0
240 silly fetch manifest strip-ansi@^6.0.1
241 silly packumentCache full:https://registry.npmjs.org/strip-ansi cache-miss
242 silly fetch manifest emoji-regex@^8.0.0
243 silly packumentCache full:https://registry.npmjs.org/emoji-regex cache-miss
244 silly fetch manifest is-fullwidth-code-point@^3.0.0
245 silly packumentCache full:https://registry.npmjs.org/is-fullwidth-code-point cache-miss
246 http cache https://registry.npmjs.org/emoji-regex 11ms (cache hit)
247 silly packumentCache full:https://registry.npmjs.org/emoji-regex set size:89064 disposed:false
248 http cache https://registry.npmjs.org/strip-ansi 22ms (cache hit)
249 silly packumentCache full:https://registry.npmjs.org/strip-ansi set size:44998 disposed:false
250 http fetch GET 200 https://registry.npmjs.org/is-fullwidth-code-point 81ms (cache miss)
251 silly packumentCache full:https://registry.npmjs.org/is-fullwidth-code-point set size:undefined disposed:false
252 silly placeDep node_modules/chalk-template chalk@4.1.2 OK for: chalk-template@0.4.0 want: ^4.1.2
253 silly fetch manifest ansi-styles@^4.1.0
254 silly packumentCache full:https://registry.npmjs.org/ansi-styles cache-miss
255 silly fetch manifest supports-color@^7.1.0
256 silly packumentCache full:https://registry.npmjs.org/supports-color cache-miss
257 http cache https://registry.npmjs.org/ansi-styles 19ms (cache hit)
258 silly packumentCache full:https://registry.npmjs.org/ansi-styles set size:63233 disposed:false
259 http fetch GET 200 https://registry.npmjs.org/supports-color 167ms (cache miss)
260 silly packumentCache full:https://registry.npmjs.org/supports-color set size:undefined disposed:false
261 silly placeDep ROOT arch@2.2.0 OK for: clipboardy@3.0.0 want: ^2.2.0
262 silly placeDep ROOT execa@5.1.1 OK for: clipboardy@3.0.0 want: ^5.1.1
263 silly placeDep ROOT is-wsl@2.2.0 OK for: clipboardy@3.0.0 want: ^2.2.0
264 silly fetch manifest onetime@^5.1.2
265 silly packumentCache full:https://registry.npmjs.org/onetime cache-miss
266 silly fetch manifest is-stream@^2.0.0
267 silly packumentCache full:https://registry.npmjs.org/is-stream cache-miss
268 silly fetch manifest get-stream@^6.0.0
269 silly packumentCache full:https://registry.npmjs.org/get-stream cache-miss
270 silly fetch manifest cross-spawn@^7.0.3
271 silly packumentCache full:https://registry.npmjs.org/cross-spawn cache-miss
272 silly fetch manifest signal-exit@^3.0.3
273 silly packumentCache full:https://registry.npmjs.org/signal-exit cache-miss
274 silly fetch manifest merge-stream@^2.0.0
275 silly packumentCache full:https://registry.npmjs.org/merge-stream cache-miss
276 silly fetch manifest npm-run-path@^4.0.1
277 silly packumentCache full:https://registry.npmjs.org/npm-run-path cache-miss
278 silly fetch manifest human-signals@^2.1.0
279 silly packumentCache full:https://registry.npmjs.org/human-signals cache-miss
280 silly fetch manifest strip-final-newline@^2.0.0
281 silly packumentCache full:https://registry.npmjs.org/strip-final-newline cache-miss
282 silly fetch manifest is-docker@^2.0.0
283 silly packumentCache full:https://registry.npmjs.org/is-docker cache-miss
284 http fetch GET 200 https://registry.npmjs.org/is-stream 139ms (cache miss)
285 silly packumentCache full:https://registry.npmjs.org/is-stream set size:undefined disposed:false
286 http fetch GET 200 https://registry.npmjs.org/get-stream 170ms (cache miss)
287 silly packumentCache full:https://registry.npmjs.org/get-stream set size:undefined disposed:false
288 http fetch GET 200 https://registry.npmjs.org/onetime 178ms (cache miss)
289 silly packumentCache full:https://registry.npmjs.org/onetime set size:undefined disposed:false
290 http fetch GET 200 https://registry.npmjs.org/npm-run-path 170ms (cache miss)
291 silly packumentCache full:https://registry.npmjs.org/npm-run-path set size:undefined disposed:false
292 http fetch GET 200 https://registry.npmjs.org/merge-stream 175ms (cache miss)
293 silly packumentCache full:https://registry.npmjs.org/merge-stream set size:undefined disposed:false
294 http fetch GET 200 https://registry.npmjs.org/strip-final-newline 171ms (cache miss)
295 silly packumentCache full:https://registry.npmjs.org/strip-final-newline set size:undefined disposed:false
296 http fetch GET 200 https://registry.npmjs.org/is-docker 171ms (cache miss)
297 silly packumentCache full:https://registry.npmjs.org/is-docker set size:undefined disposed:false
298 http fetch GET 200 https://registry.npmjs.org/signal-exit 184ms (cache miss)
299 silly packumentCache full:https://registry.npmjs.org/signal-exit set size:undefined disposed:false
300 http fetch GET 200 https://registry.npmjs.org/cross-spawn 189ms (cache miss)
301 silly packumentCache full:https://registry.npmjs.org/cross-spawn set size:undefined disposed:false
302 http fetch GET 200 https://registry.npmjs.org/human-signals 188ms (cache miss)
303 silly packumentCache full:https://registry.npmjs.org/human-signals set size:undefined disposed:false
304 silly placeDep ROOT bytes@3.1.2 OK for: compression@1.8.1 want: 3.1.2
305 silly placeDep ROOT compressible@2.0.18 OK for: compression@1.8.1 want: ~2.0.18
306 silly placeDep ROOT debug@2.6.9 OK for: compression@1.8.1 want: 2.6.9
307 silly placeDep ROOT negotiator@0.6.4 OK for: compression@1.8.1 want: ~0.6.4
308 silly placeDep ROOT on-headers@1.1.0 OK for: compression@1.8.1 want: ~1.1.0
309 silly placeDep ROOT safe-buffer@5.2.1 OK for: compression@1.8.1 want: 5.2.1
310 silly placeDep ROOT vary@1.1.2 OK for: compression@1.8.1 want: ~1.1.2
311 silly fetch manifest mime-db@>= 1.43.0 < 2
312 silly packumentCache full:https://registry.npmjs.org/mime-db cache-miss
313 silly fetch manifest ms@2.0.0
314 silly packumentCache full:https://registry.npmjs.org/ms cache-miss
315 http fetch GET 200 https://registry.npmjs.org/ms 88ms (cache miss)
316 silly packumentCache full:https://registry.npmjs.org/ms set size:undefined disposed:false
317 http fetch GET 200 https://registry.npmjs.org/mime-db 98ms (cache miss)
318 silly packumentCache full:https://registry.npmjs.org/mime-db set size:undefined disposed:false
319 silly placeDep ROOT mime-db@1.54.0 OK for: compressible@2.0.18 want: >= 1.43.0 < 2
320 silly placeDep ROOT ms@2.0.0 OK for: debug@2.6.9 want: 2.0.0
321 silly placeDep ROOT cross-spawn@7.0.6 OK for: execa@5.1.1 want: ^7.0.3
322 silly placeDep ROOT get-stream@6.0.1 OK for: execa@5.1.1 want: ^6.0.0
323 silly placeDep ROOT human-signals@2.1.0 OK for: execa@5.1.1 want: ^2.1.0
324 silly placeDep ROOT is-stream@2.0.1 OK for: execa@5.1.1 want: ^2.0.0
325 silly placeDep ROOT merge-stream@2.0.0 OK for: execa@5.1.1 want: ^2.0.0
326 silly placeDep ROOT npm-run-path@4.0.1 OK for: execa@5.1.1 want: ^4.0.1
327 silly placeDep ROOT onetime@5.1.2 OK for: execa@5.1.1 want: ^5.1.2
328 silly placeDep ROOT signal-exit@3.0.7 OK for: execa@5.1.1 want: ^3.0.3
329 silly placeDep ROOT strip-final-newline@2.0.0 OK for: execa@5.1.1 want: ^2.0.0
330 silly fetch manifest which@^2.0.1
331 silly packumentCache full:https://registry.npmjs.org/which cache-miss
332 silly fetch manifest path-key@^3.1.0
333 silly packumentCache full:https://registry.npmjs.org/path-key cache-miss
334 silly fetch manifest shebang-command@^2.0.0
335 silly packumentCache full:https://registry.npmjs.org/shebang-command cache-miss
336 silly fetch manifest path-key@^3.0.0
337 silly packumentCache full:https://registry.npmjs.org/path-key cache-miss
338 silly fetch manifest mimic-fn@^2.1.0
339 silly packumentCache full:https://registry.npmjs.org/mimic-fn cache-miss
340 http fetch GET 200 https://registry.npmjs.org/shebang-command 74ms (cache miss)
341 silly packumentCache full:https://registry.npmjs.org/shebang-command set size:undefined disposed:false
342 http fetch GET 200 https://registry.npmjs.org/path-key 79ms (cache miss)
343 silly packumentCache full:https://registry.npmjs.org/path-key set size:undefined disposed:false
344 http fetch GET 200 https://registry.npmjs.org/mimic-fn 159ms (cache miss)
345 silly packumentCache full:https://registry.npmjs.org/mimic-fn set size:undefined disposed:false
346 http fetch GET 200 https://registry.npmjs.org/path-key 193ms (cache miss)
347 silly packumentCache full:https://registry.npmjs.org/path-key set size:undefined disposed:false
348 http fetch GET 200 https://registry.npmjs.org/which 330ms (cache miss)
349 silly packumentCache full:https://registry.npmjs.org/which set size:undefined disposed:false
350 silly placeDep ROOT path-key@3.1.1 OK for: cross-spawn@7.0.6 want: ^3.1.0
351 silly placeDep ROOT shebang-command@2.0.0 OK for: cross-spawn@7.0.6 want: ^2.0.0
352 silly placeDep ROOT which@2.0.2 OK for: cross-spawn@7.0.6 want: ^2.0.1
353 silly fetch manifest shebang-regex@^3.0.0
354 silly packumentCache full:https://registry.npmjs.org/shebang-regex cache-miss
355 silly fetch manifest isexe@^2.0.0
356 silly packumentCache full:https://registry.npmjs.org/isexe cache-miss
357 http fetch GET 200 https://registry.npmjs.org/shebang-regex 313ms (cache miss)
358 silly packumentCache full:https://registry.npmjs.org/shebang-regex set size:undefined disposed:false
359 http fetch GET 200 https://registry.npmjs.org/isexe 327ms (cache miss)
360 silly packumentCache full:https://registry.npmjs.org/isexe set size:undefined disposed:false
361 silly placeDep ROOT is-docker@2.2.1 OK for: is-wsl@2.2.0 want: ^2.0.0
362 silly placeDep ROOT mimic-fn@2.1.0 OK for: onetime@5.1.2 want: ^2.1.0
363 silly placeDep node_modules/serve-handler bytes@3.0.0 OK for: serve-handler@6.1.7 want: 3.0.0
364 silly placeDep ROOT content-disposition@0.5.2 OK for: serve-handler@6.1.7 want: 0.5.2
365 silly placeDep ROOT mime-types@2.1.18 OK for: serve-handler@6.1.7 want: 2.1.18
366 silly placeDep ROOT minimatch@3.1.5 OK for: serve-handler@6.1.7 want: 3.1.5
367 silly placeDep ROOT path-is-inside@1.0.2 OK for: serve-handler@6.1.7 want: 1.0.2
368 silly placeDep ROOT path-to-regexp@3.3.0 OK for: serve-handler@6.1.7 want: 3.3.0
369 silly placeDep ROOT range-parser@1.2.0 OK for: serve-handler@6.1.7 want: 1.2.0
370 silly fetch manifest mime-db@~1.33.0
371 silly packumentCache full:https://registry.npmjs.org/mime-db cache-miss
372 silly fetch manifest brace-expansion@^1.1.7
373 silly packumentCache full:https://registry.npmjs.org/brace-expansion cache-miss
374 http cache https://registry.npmjs.org/mime-db 15ms (cache hit)
375 silly packumentCache full:https://registry.npmjs.org/mime-db set size:164953 disposed:false
376 http fetch GET 200 https://registry.npmjs.org/brace-expansion 82ms (cache miss)
377 silly packumentCache full:https://registry.npmjs.org/brace-expansion set size:undefined disposed:false
378 silly placeDep node_modules/mime-types mime-db@1.33.0 OK for: mime-types@2.1.18 want: ~1.33.0
379 silly placeDep ROOT brace-expansion@1.1.15 OK for: minimatch@3.1.5 want: ^1.1.7
380 silly fetch manifest concat-map@0.0.1
381 silly packumentCache full:https://registry.npmjs.org/concat-map cache-miss
382 silly fetch manifest balanced-match@^1.0.0
383 silly packumentCache full:https://registry.npmjs.org/balanced-match cache-miss
384 http fetch GET 200 https://registry.npmjs.org/concat-map 78ms (cache miss)
385 silly packumentCache full:https://registry.npmjs.org/concat-map set size:undefined disposed:false
386 http fetch GET 200 https://registry.npmjs.org/balanced-match 79ms (cache miss)
387 silly packumentCache full:https://registry.npmjs.org/balanced-match set size:undefined disposed:false
388 silly placeDep ROOT balanced-match@1.0.2 OK for: brace-expansion@1.1.15 want: ^1.0.0
389 silly placeDep ROOT concat-map@0.0.1 OK for: brace-expansion@1.1.15 want: 0.0.1
390 silly placeDep ROOT shebang-regex@3.0.0 OK for: shebang-command@2.0.0 want: ^3.0.0
391 silly placeDep ROOT eastasianwidth@0.2.0 OK for: string-width@5.1.2 want: ^0.2.0
392 silly placeDep ROOT emoji-regex@9.2.2 OK for: string-width@5.1.2 want: ^9.2.2
393 silly placeDep ROOT strip-ansi@7.2.0 OK for: string-width@5.1.2 want: ^7.0.1
394 silly fetch manifest ansi-regex@^6.2.2
395 silly packumentCache full:https://registry.npmjs.org/ansi-regex cache-miss
396 http fetch GET 200 https://registry.npmjs.org/ansi-regex 106ms (cache miss)
397 silly packumentCache full:https://registry.npmjs.org/ansi-regex set size:undefined disposed:false
398 silly placeDep ROOT ansi-regex@6.2.2 OK for: strip-ansi@7.2.0 want: ^6.2.2
399 silly placeDep ROOT registry-auth-token@3.3.2 OK for: update-check@1.5.4 want: 3.3.2
400 silly placeDep ROOT registry-url@3.1.0 OK for: update-check@1.5.4 want: 3.1.0
401 silly fetch manifest rc@^1.1.6
402 silly packumentCache full:https://registry.npmjs.org/rc cache-miss
403 silly fetch manifest rc@^1.0.1
404 silly packumentCache full:https://registry.npmjs.org/rc cache-miss
405 http fetch GET 200 https://registry.npmjs.org/rc 95ms (cache miss)
406 silly packumentCache full:https://registry.npmjs.org/rc set size:undefined disposed:false
407 http fetch GET 200 https://registry.npmjs.org/rc 115ms (cache miss)
408 silly packumentCache full:https://registry.npmjs.org/rc set size:undefined disposed:false
409 silly placeDep ROOT rc@1.2.8 OK for: registry-auth-token@3.3.2 want: ^1.1.6
410 silly fetch manifest ini@~1.3.0
411 silly packumentCache full:https://registry.npmjs.org/ini cache-miss
412 silly fetch manifest minimist@^1.2.0
413 silly packumentCache full:https://registry.npmjs.org/minimist cache-miss
414 silly fetch manifest deep-extend@^0.6.0
415 silly packumentCache full:https://registry.npmjs.org/deep-extend cache-miss
416 silly fetch manifest strip-json-comments@~2.0.1
417 silly packumentCache full:https://registry.npmjs.org/strip-json-comments cache-miss
418 http fetch GET 200 https://registry.npmjs.org/strip-json-comments 92ms (cache miss)
419 silly packumentCache full:https://registry.npmjs.org/strip-json-comments set size:undefined disposed:false
420 http fetch GET 200 https://registry.npmjs.org/minimist 99ms (cache miss)
421 silly packumentCache full:https://registry.npmjs.org/minimist set size:undefined disposed:false
422 http fetch GET 200 https://registry.npmjs.org/deep-extend 107ms (cache miss)
423 silly packumentCache full:https://registry.npmjs.org/deep-extend set size:undefined disposed:false
424 http fetch GET 200 https://registry.npmjs.org/ini 113ms (cache miss)
425 silly packumentCache full:https://registry.npmjs.org/ini set size:undefined disposed:false
426 silly placeDep ROOT deep-extend@0.6.0 OK for: rc@1.2.8 want: ^0.6.0
427 silly placeDep ROOT ini@1.3.8 OK for: rc@1.2.8 want: ~1.3.0
428 silly placeDep ROOT minimist@1.2.8 OK for: rc@1.2.8 want: ^1.2.0
429 silly placeDep ROOT strip-json-comments@2.0.1 OK for: rc@1.2.8 want: ~2.0.1
430 silly placeDep ROOT isexe@2.0.0 OK for: which@2.0.2 want: ^2.0.0
431 silly placeDep ROOT ansi-styles@6.2.3 OK for: wrap-ansi@8.1.0 want: ^6.1.0
432 silly placeDep node_modules/ansi-align emoji-regex@8.0.0 OK for: string-width@4.2.3 want: ^8.0.0
433 silly placeDep ROOT is-fullwidth-code-point@3.0.0 OK for: string-width@4.2.3 want: ^3.0.0
434 silly placeDep node_modules/ansi-align strip-ansi@6.0.1 OK for: string-width@4.2.3 want: ^6.0.1
435 silly fetch manifest ansi-regex@^5.0.1
436 silly packumentCache full:https://registry.npmjs.org/ansi-regex cache-miss
437 http cache https://registry.npmjs.org/ansi-regex 8ms (cache hit)
438 silly packumentCache full:https://registry.npmjs.org/ansi-regex set size:43572 disposed:false
439 silly placeDep node_modules/ansi-align ansi-regex@5.0.1 OK for: strip-ansi@6.0.1 want: ^5.0.1
440 silly placeDep node_modules/chalk-template ansi-styles@4.3.0 OK for: chalk@4.1.2 want: ^4.1.0
441 silly placeDep ROOT supports-color@7.2.0 OK for: chalk@4.1.2 want: ^7.1.0
442 silly fetch manifest color-convert@^2.0.1
443 silly packumentCache full:https://registry.npmjs.org/color-convert cache-miss
444 silly fetch manifest has-flag@^4.0.0
445 silly packumentCache full:https://registry.npmjs.org/has-flag cache-miss
446 http fetch GET 200 https://registry.npmjs.org/has-flag 77ms (cache miss)
447 silly packumentCache full:https://registry.npmjs.org/has-flag set size:undefined disposed:false
448 http fetch GET 200 https://registry.npmjs.org/color-convert 80ms (cache miss)
449 silly packumentCache full:https://registry.npmjs.org/color-convert set size:undefined disposed:false
450 silly placeDep ROOT has-flag@4.0.0 OK for: supports-color@7.2.0 want: ^4.0.0
451 silly placeDep ROOT color-convert@2.0.1 OK for: ansi-styles@4.3.0 want: ^2.0.1
452 silly fetch manifest color-name@~1.1.4
453 silly packumentCache full:https://registry.npmjs.org/color-name cache-miss
454 http fetch GET 200 https://registry.npmjs.org/color-name 112ms (cache miss)
455 silly packumentCache full:https://registry.npmjs.org/color-name set size:undefined disposed:false
456 silly placeDep ROOT color-name@1.1.4 OK for: color-convert@2.0.1 want: ~1.1.4
457 silly reify moves {}
458 silly audit bulk request {
458 silly audit   serve: [ '14.2.6' ],
458 silly audit   '@zeit/schemas': [ '2.36.0' ],
458 silly audit   ajv: [ '8.18.0' ],
458 silly audit   arg: [ '5.0.2' ],
458 silly audit   boxen: [ '7.0.0' ],
458 silly audit   chalk: [ '5.0.1', '4.1.2' ],
458 silly audit   'chalk-template': [ '0.4.0' ],
458 silly audit   clipboardy: [ '3.0.0' ],
458 silly audit   compression: [ '1.8.1' ],
458 silly audit   'is-port-reachable': [ '4.0.0' ],
458 silly audit   'serve-handler': [ '6.1.7' ],
458 silly audit   'update-check': [ '1.5.4' ],
458 silly audit   'fast-deep-equal': [ '3.1.3' ],
458 silly audit   'fast-uri': [ '3.1.3' ],
458 silly audit   'json-schema-traverse': [ '1.0.0' ],
458 silly audit   'require-from-string': [ '2.0.2' ],
458 silly audit   'ansi-align': [ '3.0.1' ],
458 silly audit   camelcase: [ '7.0.1' ],
458 silly audit   'cli-boxes': [ '3.0.0' ],
458 silly audit   'string-width': [ '5.1.2', '4.2.3' ],
458 silly audit   'type-fest': [ '2.19.0' ],
458 silly audit   'widest-line': [ '4.0.1' ],
458 silly audit   'wrap-ansi': [ '8.1.0' ],
458 silly audit   arch: [ '2.2.0' ],
458 silly audit   execa: [ '5.1.1' ],
458 silly audit   'is-wsl': [ '2.2.0' ],
458 silly audit   bytes: [ '3.1.2', '3.0.0' ],
458 silly audit   compressible: [ '2.0.18' ],
458 silly audit   debug: [ '2.6.9' ],
458 silly audit   negotiator: [ '0.6.4' ],
458 silly audit   'on-headers': [ '1.1.0' ],
458 silly audit   'safe-buffer': [ '5.2.1' ],
458 silly audit   vary: [ '1.1.2' ],
458 silly audit   'mime-db': [ '1.54.0', '1.33.0' ],
458 silly audit   ms: [ '2.0.0' ],
458 silly audit   'cross-spawn': [ '7.0.6' ],
458 silly audit   'get-stream': [ '6.0.1' ],
458 silly audit   'human-signals': [ '2.1.0' ],
458 silly audit   'is-stream': [ '2.0.1' ],
458 silly audit   'merge-stream': [ '2.0.0' ],
458 silly audit   'npm-run-path': [ '4.0.1' ],
458 silly audit   onetime: [ '5.1.2' ],
458 silly audit   'signal-exit': [ '3.0.7' ],
458 silly audit   'strip-final-newline': [ '2.0.0' ],
458 silly audit   'path-key': [ '3.1.1' ],
458 silly audit   'shebang-command': [ '2.0.0' ],
458 silly audit   which: [ '2.0.2' ],
458 silly audit   'is-docker': [ '2.2.1' ],
458 silly audit   'mimic-fn': [ '2.1.0' ],
458 silly audit   'content-disposition': [ '0.5.2' ],
458 silly audit   'mime-types': [ '2.1.18' ],
458 silly audit   minimatch: [ '3.1.5' ],
458 silly audit   'path-is-inside': [ '1.0.2' ],
458 silly audit   'path-to-regexp': [ '3.3.0' ],
458 silly audit   'range-parser': [ '1.2.0' ],
458 silly audit   'brace-expansion': [ '1.1.15' ],
458 silly audit   'balanced-match': [ '1.0.2' ],
458 silly audit   'concat-map': [ '0.0.1' ],
458 silly audit   'shebang-regex': [ '3.0.0' ],
458 silly audit   eastasianwidth: [ '0.2.0' ],
458 silly audit   'emoji-regex': [ '9.2.2', '8.0.0' ],
458 silly audit   'strip-ansi': [ '7.2.0', '6.0.1' ],
458 silly audit   'ansi-regex': [ '6.2.2', '5.0.1' ],
458 silly audit   'registry-auth-token': [ '3.3.2' ],
458 silly audit   'registry-url': [ '3.1.0' ],
458 silly audit   rc: [ '1.2.8' ],
458 silly audit   'deep-extend': [ '0.6.0' ],
458 silly audit   ini: [ '1.3.8' ],
458 silly audit   minimist: [ '1.2.8' ],
458 silly audit   'strip-json-comments': [ '2.0.1' ],
458 silly audit   isexe: [ '2.0.0' ],
458 silly audit   'ansi-styles': [ '6.2.3', '4.3.0' ],
458 silly audit   'is-fullwidth-code-point': [ '3.0.0' ],
458 silly audit   'supports-color': [ '7.2.0' ],
458 silly audit   'has-flag': [ '4.0.0' ],
458 silly audit   'color-convert': [ '2.0.1' ],
458 silly audit   'color-name': [ '1.1.4' ]
458 silly audit }
459 http cache color-name@https://registry.npmjs.org/color-name/-/color-name-1.1.4.tgz 1ms (cache hit)
460 http cache has-flag@https://registry.npmjs.org/has-flag/-/has-flag-4.0.0.tgz 0ms (cache hit)
461 http cache color-convert@https://registry.npmjs.org/color-convert/-/color-convert-2.0.1.tgz 0ms (cache hit)
462 http cache supports-color@https://registry.npmjs.org/supports-color/-/supports-color-7.2.0.tgz 0ms (cache hit)
463 http cache is-fullwidth-code-point@https://registry.npmjs.org/is-fullwidth-code-point/-/is-fullwidth-code-point-3.0.0.tgz 0ms (cache hit)
464 http cache ansi-styles@https://registry.npmjs.org/ansi-styles/-/ansi-styles-6.2.3.tgz 0ms (cache hit)
465 http cache minimist@https://registry.npmjs.org/minimist/-/minimist-1.2.8.tgz 0ms (cache hit)
466 http cache isexe@https://registry.npmjs.org/isexe/-/isexe-2.0.0.tgz 0ms (cache hit)
467 http cache strip-json-comments@https://registry.npmjs.org/strip-json-comments/-/strip-json-comments-2.0.1.tgz 0ms (cache hit)
468 http cache deep-extend@https://registry.npmjs.org/deep-extend/-/deep-extend-0.6.0.tgz 0ms (cache hit)
469 http cache ini@https://registry.npmjs.org/ini/-/ini-1.3.8.tgz 0ms (cache hit)
470 http cache registry-auth-token@https://registry.npmjs.org/registry-auth-token/-/registry-auth-token-3.3.2.tgz 0ms (cache hit)
471 http cache registry-url@https://registry.npmjs.org/registry-url/-/registry-url-3.1.0.tgz 0ms (cache hit)
472 http cache rc@https://registry.npmjs.org/rc/-/rc-1.2.8.tgz 0ms (cache hit)
473 http cache emoji-regex@https://registry.npmjs.org/emoji-regex/-/emoji-regex-9.2.2.tgz 0ms (cache hit)
474 http cache ansi-regex@https://registry.npmjs.org/ansi-regex/-/ansi-regex-6.2.2.tgz 0ms (cache hit)
475 http cache eastasianwidth@https://registry.npmjs.org/eastasianwidth/-/eastasianwidth-0.2.0.tgz 0ms (cache hit)
476 http cache shebang-regex@https://registry.npmjs.org/shebang-regex/-/shebang-regex-3.0.0.tgz 0ms (cache hit)
477 http cache balanced-match@https://registry.npmjs.org/balanced-match/-/balanced-match-1.0.2.tgz 0ms (cache hit)
478 http cache strip-ansi@https://registry.npmjs.org/strip-ansi/-/strip-ansi-7.2.0.tgz 0ms (cache hit)
479 http cache brace-expansion@https://registry.npmjs.org/brace-expansion/-/brace-expansion-1.1.15.tgz 0ms (cache hit)
480 http cache concat-map@https://registry.npmjs.org/concat-map/-/concat-map-0.0.1.tgz 0ms (cache hit)
481 http cache range-parser@https://registry.npmjs.org/range-parser/-/range-parser-1.2.0.tgz 0ms (cache hit)
482 http cache path-is-inside@https://registry.npmjs.org/path-is-inside/-/path-is-inside-1.0.2.tgz 0ms (cache hit)
483 http cache path-to-regexp@https://registry.npmjs.org/path-to-regexp/-/path-to-regexp-3.3.0.tgz 0ms (cache hit)
484 http cache content-disposition@https://registry.npmjs.org/content-disposition/-/content-disposition-0.5.2.tgz 0ms (cache hit)
485 http cache minimatch@https://registry.npmjs.org/minimatch/-/minimatch-3.1.5.tgz 0ms (cache hit)
486 http cache mime-types@https://registry.npmjs.org/mime-types/-/mime-types-2.1.18.tgz 0ms (cache hit)
487 http cache is-docker@https://registry.npmjs.org/is-docker/-/is-docker-2.2.1.tgz 1ms (cache hit)
488 http cache strip-final-newline@https://registry.npmjs.org/strip-final-newline/-/strip-final-newline-2.0.0.tgz 0ms (cache hit)
489 http cache shebang-command@https://registry.npmjs.org/shebang-command/-/shebang-command-2.0.0.tgz 0ms (cache hit)
490 http cache mimic-fn@https://registry.npmjs.org/mimic-fn/-/mimic-fn-2.1.0.tgz 0ms (cache hit)
491 http cache which@https://registry.npmjs.org/which/-/which-2.0.2.tgz 0ms (cache hit)
492 http cache path-key@https://registry.npmjs.org/path-key/-/path-key-3.1.1.tgz 0ms (cache hit)
493 http cache merge-stream@https://registry.npmjs.org/merge-stream/-/merge-stream-2.0.0.tgz 0ms (cache hit)
494 http cache signal-exit@https://registry.npmjs.org/signal-exit/-/signal-exit-3.0.7.tgz 0ms (cache hit)
495 http cache onetime@https://registry.npmjs.org/onetime/-/onetime-5.1.2.tgz 0ms (cache hit)
496 http cache npm-run-path@https://registry.npmjs.org/npm-run-path/-/npm-run-path-4.0.1.tgz 0ms (cache hit)
497 http cache is-stream@https://registry.npmjs.org/is-stream/-/is-stream-2.0.1.tgz 0ms (cache hit)
498 http cache ms@https://registry.npmjs.org/ms/-/ms-2.0.0.tgz 0ms (cache hit)
499 http cache human-signals@https://registry.npmjs.org/human-signals/-/human-signals-2.1.0.tgz 0ms (cache hit)
500 http cache get-stream@https://registry.npmjs.org/get-stream/-/get-stream-6.0.1.tgz 0ms (cache hit)
501 http cache cross-spawn@https://registry.npmjs.org/cross-spawn/-/cross-spawn-7.0.6.tgz 0ms (cache hit)
502 http cache vary@https://registry.npmjs.org/vary/-/vary-1.1.2.tgz 0ms (cache hit)
503 http cache safe-buffer@https://registry.npmjs.org/safe-buffer/-/safe-buffer-5.2.1.tgz 0ms (cache hit)
504 http cache mime-db@https://registry.npmjs.org/mime-db/-/mime-db-1.54.0.tgz 0ms (cache hit)
505 http cache on-headers@https://registry.npmjs.org/on-headers/-/on-headers-1.1.0.tgz 0ms (cache hit)
506 http cache negotiator@https://registry.npmjs.org/negotiator/-/negotiator-0.6.4.tgz 0ms (cache hit)
507 http cache debug@https://registry.npmjs.org/debug/-/debug-2.6.9.tgz 0ms (cache hit)
508 http cache compressible@https://registry.npmjs.org/compressible/-/compressible-2.0.18.tgz 0ms (cache hit)
509 http cache bytes@https://registry.npmjs.org/bytes/-/bytes-3.1.2.tgz 0ms (cache hit)
510 http cache is-wsl@https://registry.npmjs.org/is-wsl/-/is-wsl-2.2.0.tgz 0ms (cache hit)
511 http cache execa@https://registry.npmjs.org/execa/-/execa-5.1.1.tgz 0ms (cache hit)
512 http cache widest-line@https://registry.npmjs.org/widest-line/-/widest-line-4.0.1.tgz 0ms (cache hit)
513 http cache wrap-ansi@https://registry.npmjs.org/wrap-ansi/-/wrap-ansi-8.1.0.tgz 0ms (cache hit)
514 http cache arch@https://registry.npmjs.org/arch/-/arch-2.2.0.tgz 0ms (cache hit)
515 http cache string-width@https://registry.npmjs.org/string-width/-/string-width-5.1.2.tgz 0ms (cache hit)
516 http cache type-fest@https://registry.npmjs.org/type-fest/-/type-fest-2.19.0.tgz 0ms (cache hit)
517 http cache cli-boxes@https://registry.npmjs.org/cli-boxes/-/cli-boxes-3.0.0.tgz 0ms (cache hit)
518 http cache camelcase@https://registry.npmjs.org/camelcase/-/camelcase-7.0.1.tgz 0ms (cache hit)
519 http cache ansi-align@https://registry.npmjs.org/ansi-align/-/ansi-align-3.0.1.tgz 1ms (cache hit)
520 http cache require-from-string@https://registry.npmjs.org/require-from-string/-/require-from-string-2.0.2.tgz 0ms (cache hit)
521 http cache json-schema-traverse@https://registry.npmjs.org/json-schema-traverse/-/json-schema-traverse-1.0.0.tgz 0ms (cache hit)
522 http cache fast-uri@https://registry.npmjs.org/fast-uri/-/fast-uri-3.1.3.tgz 0ms (cache hit)
523 http cache fast-deep-equal@https://registry.npmjs.org/fast-deep-equal/-/fast-deep-equal-3.1.3.tgz 0ms (cache hit)
524 http cache update-check@https://registry.npmjs.org/update-check/-/update-check-1.5.4.tgz 0ms (cache hit)
525 http cache is-port-reachable@https://registry.npmjs.org/is-port-reachable/-/is-port-reachable-4.0.0.tgz 0ms (cache hit)
526 http cache serve-handler@https://registry.npmjs.org/serve-handler/-/serve-handler-6.1.7.tgz 0ms (cache hit)
527 http cache clipboardy@https://registry.npmjs.org/clipboardy/-/clipboardy-3.0.0.tgz 0ms (cache hit)
528 http cache compression@https://registry.npmjs.org/compression/-/compression-1.8.1.tgz 0ms (cache hit)
529 http cache chalk-template@https://registry.npmjs.org/chalk-template/-/chalk-template-0.4.0.tgz 0ms (cache hit)
530 http cache chalk@https://registry.npmjs.org/chalk/-/chalk-5.0.1.tgz 0ms (cache hit)
531 http cache boxen@https://registry.npmjs.org/boxen/-/boxen-7.0.0.tgz 0ms (cache hit)
532 http cache @zeit/schemas@https://registry.npmjs.org/@zeit/schemas/-/schemas-2.36.0.tgz 0ms (cache hit)
533 http cache ajv@https://registry.npmjs.org/ajv/-/ajv-8.18.0.tgz 0ms (cache hit)
534 http cache arg@https://registry.npmjs.org/arg/-/arg-5.0.2.tgz 0ms (cache hit)
535 http cache ansi-regex@https://registry.npmjs.org/ansi-regex/-/ansi-regex-5.0.1.tgz 0ms (cache hit)
536 http cache mime-db@https://registry.npmjs.org/mime-db/-/mime-db-1.33.0.tgz 0ms (cache hit)
537 http cache serve@https://registry.npmjs.org/serve/-/serve-14.2.6.tgz 0ms (cache hit)
538 http cache strip-ansi@https://registry.npmjs.org/strip-ansi/-/strip-ansi-6.0.1.tgz 0ms (cache hit)
539 http cache chalk@https://registry.npmjs.org/chalk/-/chalk-4.1.2.tgz 0ms (cache hit)
540 http cache bytes@https://registry.npmjs.org/bytes/-/bytes-3.0.0.tgz 0ms (cache hit)
541 http cache emoji-regex@https://registry.npmjs.org/emoji-regex/-/emoji-regex-8.0.0.tgz 0ms (cache hit)
542 http cache string-width@https://registry.npmjs.org/string-width/-/string-width-4.2.3.tgz 0ms (cache hit)
543 http cache ansi-styles@https://registry.npmjs.org/ansi-styles/-/ansi-styles-4.3.0.tgz 0ms (cache hit)
544 silly tarball no local data for color-name@https://registry.npmjs.org/color-name/-/color-name-1.1.4.tgz. Extracting by manifest.
545 silly tarball no local data for has-flag@https://registry.npmjs.org/has-flag/-/has-flag-4.0.0.tgz. Extracting by manifest.
546 silly tarball no local data for color-convert@https://registry.npmjs.org/color-convert/-/color-convert-2.0.1.tgz. Extracting by manifest.
547 silly tarball no local data for supports-color@https://registry.npmjs.org/supports-color/-/supports-color-7.2.0.tgz. Extracting by manifest.
548 silly tarball no local data for is-fullwidth-code-point@https://registry.npmjs.org/is-fullwidth-code-point/-/is-fullwidth-code-point-3.0.0.tgz. Extracting by manifest.
549 silly tarball no local data for ansi-styles@https://registry.npmjs.org/ansi-styles/-/ansi-styles-6.2.3.tgz. Extracting by manifest.
550 silly tarball no local data for minimist@https://registry.npmjs.org/minimist/-/minimist-1.2.8.tgz. Extracting by manifest.
551 silly tarball no local data for isexe@https://registry.npmjs.org/isexe/-/isexe-2.0.0.tgz. Extracting by manifest.
552 silly tarball no local data for strip-json-comments@https://registry.npmjs.org/strip-json-comments/-/strip-json-comments-2.0.1.tgz. Extracting by manifest.
553 silly tarball no local data for deep-extend@https://registry.npmjs.org/deep-extend/-/deep-extend-0.6.0.tgz. Extracting by manifest.
554 silly tarball no local data for ini@https://registry.npmjs.org/ini/-/ini-1.3.8.tgz. Extracting by manifest.
555 silly tarball no local data for registry-auth-token@https://registry.npmjs.org/registry-auth-token/-/registry-auth-token-3.3.2.tgz. Extracting by manifest.
556 silly tarball no local data for registry-url@https://registry.npmjs.org/registry-url/-/registry-url-3.1.0.tgz. Extracting by manifest.
557 silly tarball no local data for rc@https://registry.npmjs.org/rc/-/rc-1.2.8.tgz. Extracting by manifest.
558 silly tarball no local data for emoji-regex@https://registry.npmjs.org/emoji-regex/-/emoji-regex-9.2.2.tgz. Extracting by manifest.
559 silly tarball no local data for ansi-regex@https://registry.npmjs.org/ansi-regex/-/ansi-regex-6.2.2.tgz. Extracting by manifest.
560 silly tarball no local data for eastasianwidth@https://registry.npmjs.org/eastasianwidth/-/eastasianwidth-0.2.0.tgz. Extracting by manifest.
561 silly tarball no local data for shebang-regex@https://registry.npmjs.org/shebang-regex/-/shebang-regex-3.0.0.tgz. Extracting by manifest.
562 silly tarball no local data for balanced-match@https://registry.npmjs.org/balanced-match/-/balanced-match-1.0.2.tgz. Extracting by manifest.
563 silly tarball no local data for strip-ansi@https://registry.npmjs.org/strip-ansi/-/strip-ansi-7.2.0.tgz. Extracting by manifest.
564 silly tarball no local data for brace-expansion@https://registry.npmjs.org/brace-expansion/-/brace-expansion-1.1.15.tgz. Extracting by manifest.
565 silly tarball no local data for concat-map@https://registry.npmjs.org/concat-map/-/concat-map-0.0.1.tgz. Extracting by manifest.
566 silly tarball no local data for range-parser@https://registry.npmjs.org/range-parser/-/range-parser-1.2.0.tgz. Extracting by manifest.
567 silly tarball no local data for path-is-inside@https://registry.npmjs.org/path-is-inside/-/path-is-inside-1.0.2.tgz. Extracting by manifest.
568 silly tarball no local data for path-to-regexp@https://registry.npmjs.org/path-to-regexp/-/path-to-regexp-3.3.0.tgz. Extracting by manifest.
569 silly tarball no local data for content-disposition@https://registry.npmjs.org/content-disposition/-/content-disposition-0.5.2.tgz. Extracting by manifest.
570 silly tarball no local data for minimatch@https://registry.npmjs.org/minimatch/-/minimatch-3.1.5.tgz. Extracting by manifest.
571 silly tarball no local data for mime-types@https://registry.npmjs.org/mime-types/-/mime-types-2.1.18.tgz. Extracting by manifest.
572 silly tarball no local data for is-docker@https://registry.npmjs.org/is-docker/-/is-docker-2.2.1.tgz. Extracting by manifest.
573 silly tarball no local data for strip-final-newline@https://registry.npmjs.org/strip-final-newline/-/strip-final-newline-2.0.0.tgz. Extracting by manifest.
574 silly tarball no local data for shebang-command@https://registry.npmjs.org/shebang-command/-/shebang-command-2.0.0.tgz. Extracting by manifest.
575 silly tarball no local data for mimic-fn@https://registry.npmjs.org/mimic-fn/-/mimic-fn-2.1.0.tgz. Extracting by manifest.
576 silly tarball no local data for which@https://registry.npmjs.org/which/-/which-2.0.2.tgz. Extracting by manifest.
577 silly tarball no local data for path-key@https://registry.npmjs.org/path-key/-/path-key-3.1.1.tgz. Extracting by manifest.
578 silly tarball no local data for merge-stream@https://registry.npmjs.org/merge-stream/-/merge-stream-2.0.0.tgz. Extracting by manifest.
579 silly tarball no local data for signal-exit@https://registry.npmjs.org/signal-exit/-/signal-exit-3.0.7.tgz. Extracting by manifest.
580 silly tarball no local data for onetime@https://registry.npmjs.org/onetime/-/onetime-5.1.2.tgz. Extracting by manifest.
581 silly tarball no local data for npm-run-path@https://registry.npmjs.org/npm-run-path/-/npm-run-path-4.0.1.tgz. Extracting by manifest.
582 silly tarball no local data for is-stream@https://registry.npmjs.org/is-stream/-/is-stream-2.0.1.tgz. Extracting by manifest.
583 silly tarball no local data for ms@https://registry.npmjs.org/ms/-/ms-2.0.0.tgz. Extracting by manifest.
584 silly tarball no local data for human-signals@https://registry.npmjs.org/human-signals/-/human-signals-2.1.0.tgz. Extracting by manifest.
585 silly tarball no local data for get-stream@https://registry.npmjs.org/get-stream/-/get-stream-6.0.1.tgz. Extracting by manifest.
586 silly tarball no local data for cross-spawn@https://registry.npmjs.org/cross-spawn/-/cross-spawn-7.0.6.tgz. Extracting by manifest.
587 silly tarball no local data for vary@https://registry.npmjs.org/vary/-/vary-1.1.2.tgz. Extracting by manifest.
588 silly tarball no local data for safe-buffer@https://registry.npmjs.org/safe-buffer/-/safe-buffer-5.2.1.tgz. Extracting by manifest.
589 silly tarball no local data for mime-db@https://registry.npmjs.org/mime-db/-/mime-db-1.54.0.tgz. Extracting by manifest.
590 silly tarball no local data for on-headers@https://registry.npmjs.org/on-headers/-/on-headers-1.1.0.tgz. Extracting by manifest.
591 silly tarball no local data for negotiator@https://registry.npmjs.org/negotiator/-/negotiator-0.6.4.tgz. Extracting by manifest.
592 silly tarball no local data for debug@https://registry.npmjs.org/debug/-/debug-2.6.9.tgz. Extracting by manifest.
593 silly tarball no local data for compressible@https://registry.npmjs.org/compressible/-/compressible-2.0.18.tgz. Extracting by manifest.
594 silly tarball no local data for bytes@https://registry.npmjs.org/bytes/-/bytes-3.1.2.tgz. Extracting by manifest.
595 silly tarball no local data for is-wsl@https://registry.npmjs.org/is-wsl/-/is-wsl-2.2.0.tgz. Extracting by manifest.
596 silly tarball no local data for execa@https://registry.npmjs.org/execa/-/execa-5.1.1.tgz. Extracting by manifest.
597 silly tarball no local data for widest-line@https://registry.npmjs.org/widest-line/-/widest-line-4.0.1.tgz. Extracting by manifest.
598 silly tarball no local data for wrap-ansi@https://registry.npmjs.org/wrap-ansi/-/wrap-ansi-8.1.0.tgz. Extracting by manifest.
599 silly tarball no local data for arch@https://registry.npmjs.org/arch/-/arch-2.2.0.tgz. Extracting by manifest.
600 silly tarball no local data for string-width@https://registry.npmjs.org/string-width/-/string-width-5.1.2.tgz. Extracting by manifest.
601 silly tarball no local data for type-fest@https://registry.npmjs.org/type-fest/-/type-fest-2.19.0.tgz. Extracting by manifest.
602 silly tarball no local data for cli-boxes@https://registry.npmjs.org/cli-boxes/-/cli-boxes-3.0.0.tgz. Extracting by manifest.
603 silly tarball no local data for camelcase@https://registry.npmjs.org/camelcase/-/camelcase-7.0.1.tgz. Extracting by manifest.
604 silly tarball no local data for ansi-align@https://registry.npmjs.org/ansi-align/-/ansi-align-3.0.1.tgz. Extracting by manifest.
605 silly tarball no local data for require-from-string@https://registry.npmjs.org/require-from-string/-/require-from-string-2.0.2.tgz. Extracting by manifest.
606 silly tarball no local data for json-schema-traverse@https://registry.npmjs.org/json-schema-traverse/-/json-schema-traverse-1.0.0.tgz. Extracting by manifest.
607 silly tarball no local data for fast-uri@https://registry.npmjs.org/fast-uri/-/fast-uri-3.1.3.tgz. Extracting by manifest.
608 silly tarball no local data for fast-deep-equal@https://registry.npmjs.org/fast-deep-equal/-/fast-deep-equal-3.1.3.tgz. Extracting by manifest.
609 silly tarball no local data for update-check@https://registry.npmjs.org/update-check/-/update-check-1.5.4.tgz. Extracting by manifest.
610 silly tarball no local data for is-port-reachable@https://registry.npmjs.org/is-port-reachable/-/is-port-reachable-4.0.0.tgz. Extracting by manifest.
611 silly tarball no local data for serve-handler@https://registry.npmjs.org/serve-handler/-/serve-handler-6.1.7.tgz. Extracting by manifest.
612 silly tarball no local data for clipboardy@https://registry.npmjs.org/clipboardy/-/clipboardy-3.0.0.tgz. Extracting by manifest.
613 silly tarball no local data for compression@https://registry.npmjs.org/compression/-/compression-1.8.1.tgz. Extracting by manifest.
614 silly tarball no local data for chalk-template@https://registry.npmjs.org/chalk-template/-/chalk-template-0.4.0.tgz. Extracting by manifest.
615 silly tarball no local data for chalk@https://registry.npmjs.org/chalk/-/chalk-5.0.1.tgz. Extracting by manifest.
616 silly tarball no local data for boxen@https://registry.npmjs.org/boxen/-/boxen-7.0.0.tgz. Extracting by manifest.
617 silly tarball no local data for @zeit/schemas@https://registry.npmjs.org/@zeit/schemas/-/schemas-2.36.0.tgz. Extracting by manifest.
618 silly tarball no local data for ajv@https://registry.npmjs.org/ajv/-/ajv-8.18.0.tgz. Extracting by manifest.
619 silly tarball no local data for arg@https://registry.npmjs.org/arg/-/arg-5.0.2.tgz. Extracting by manifest.
620 silly tarball no local data for ansi-regex@https://registry.npmjs.org/ansi-regex/-/ansi-regex-5.0.1.tgz. Extracting by manifest.
621 silly tarball no local data for mime-db@https://registry.npmjs.org/mime-db/-/mime-db-1.33.0.tgz. Extracting by manifest.
622 silly tarball no local data for serve@https://registry.npmjs.org/serve/-/serve-14.2.6.tgz. Extracting by manifest.
623 silly tarball no local data for strip-ansi@https://registry.npmjs.org/strip-ansi/-/strip-ansi-6.0.1.tgz. Extracting by manifest.
624 silly tarball no local data for chalk@https://registry.npmjs.org/chalk/-/chalk-4.1.2.tgz. Extracting by manifest.
625 silly tarball no local data for bytes@https://registry.npmjs.org/bytes/-/bytes-3.0.0.tgz. Extracting by manifest.
626 silly tarball no local data for emoji-regex@https://registry.npmjs.org/emoji-regex/-/emoji-regex-8.0.0.tgz. Extracting by manifest.
627 silly tarball no local data for string-width@https://registry.npmjs.org/string-width/-/string-width-4.2.3.tgz. Extracting by manifest.
628 silly tarball no local data for ansi-styles@https://registry.npmjs.org/ansi-styles/-/ansi-styles-4.3.0.tgz. Extracting by manifest.
629 http fetch POST 200 https://registry.npmjs.org/-/npm/v1/security/advisories/bulk 491ms
630 silly audit report {}
631 http fetch GET 200 https://registry.npmjs.org/supports-color/-/supports-color-7.2.0.tgz 720ms (cache miss)
632 http fetch GET 200 https://registry.npmjs.org/is-fullwidth-code-point/-/is-fullwidth-code-point-3.0.0.tgz 719ms (cache miss)
633 http fetch GET 200 https://registry.npmjs.org/color-name/-/color-name-1.1.4.tgz 729ms (cache miss)
634 http fetch GET 200 https://registry.npmjs.org/strip-json-comments/-/strip-json-comments-2.0.1.tgz 717ms (cache miss)
635 http fetch GET 200 https://registry.npmjs.org/isexe/-/isexe-2.0.0.tgz 794ms (cache miss)
636 http fetch GET 200 https://registry.npmjs.org/has-flag/-/has-flag-4.0.0.tgz 807ms (cache miss)
637 http fetch GET 200 https://registry.npmjs.org/registry-url/-/registry-url-3.1.0.tgz 788ms (cache miss)
638 http fetch GET 200 https://registry.npmjs.org/brace-expansion/-/brace-expansion-1.1.15.tgz 773ms (cache miss)
639 http fetch GET 200 https://registry.npmjs.org/eastasianwidth/-/eastasianwidth-0.2.0.tgz 781ms (cache miss)
640 http fetch GET 200 https://registry.npmjs.org/ansi-styles/-/ansi-styles-6.2.3.tgz 803ms (cache miss)
641 http fetch GET 200 https://registry.npmjs.org/ansi-regex/-/ansi-regex-6.2.2.tgz 785ms (cache miss)
642 http fetch GET 200 https://registry.npmjs.org/ini/-/ini-1.3.8.tgz 807ms (cache miss)
643 http fetch GET 200 https://registry.npmjs.org/concat-map/-/concat-map-0.0.1.tgz 810ms (cache miss)
644 http fetch GET 200 https://registry.npmjs.org/path-is-inside/-/path-is-inside-1.0.2.tgz 803ms (cache miss)
645 http fetch GET 200 https://registry.npmjs.org/shebang-command/-/shebang-command-2.0.0.tgz 792ms (cache miss)
646 http fetch GET 200 https://registry.npmjs.org/balanced-match/-/balanced-match-1.0.2.tgz 819ms (cache miss)
647 http fetch GET 200 https://registry.npmjs.org/strip-ansi/-/strip-ansi-7.2.0.tgz 818ms (cache miss)
648 http fetch GET 200 https://registry.npmjs.org/shebang-regex/-/shebang-regex-3.0.0.tgz 822ms (cache miss)
649 http fetch GET 200 https://registry.npmjs.org/is-docker/-/is-docker-2.2.1.tgz 810ms (cache miss)
650 http fetch GET 200 https://registry.npmjs.org/is-stream/-/is-stream-2.0.1.tgz 794ms (cache miss)
651 http fetch GET 200 https://registry.npmjs.org/range-parser/-/range-parser-1.2.0.tgz 831ms (cache miss)
652 http fetch GET 200 https://registry.npmjs.org/deep-extend/-/deep-extend-0.6.0.tgz 861ms (cache miss)
653 http fetch GET 200 https://registry.npmjs.org/which/-/which-2.0.2.tgz 818ms (cache miss)
654 http fetch GET 200 https://registry.npmjs.org/merge-stream/-/merge-stream-2.0.0.tgz 822ms (cache miss)
655 http fetch GET 200 https://registry.npmjs.org/strip-final-newline/-/strip-final-newline-2.0.0.tgz 833ms (cache miss)
656 http fetch GET 200 https://registry.npmjs.org/content-disposition/-/content-disposition-0.5.2.tgz 855ms (cache miss)
657 http fetch GET 200 https://registry.npmjs.org/mime-types/-/mime-types-2.1.18.tgz 855ms (cache miss)
658 http fetch GET 200 https://registry.npmjs.org/onetime/-/onetime-5.1.2.tgz 842ms (cache miss)
659 http fetch GET 200 https://registry.npmjs.org/npm-run-path/-/npm-run-path-4.0.1.tgz 841ms (cache miss)
660 http fetch GET 200 https://registry.npmjs.org/path-to-regexp/-/path-to-regexp-3.3.0.tgz 897ms (cache miss)
661 http fetch GET 200 https://registry.npmjs.org/mimic-fn/-/mimic-fn-2.1.0.tgz 889ms (cache miss)
662 http fetch GET 200 https://registry.npmjs.org/path-key/-/path-key-3.1.1.tgz 885ms (cache miss)
663 http fetch GET 200 https://registry.npmjs.org/vary/-/vary-1.1.2.tgz 870ms (cache miss)
664 http fetch GET 200 https://registry.npmjs.org/minimatch/-/minimatch-3.1.5.tgz 937ms (cache miss)
665 http fetch GET 200 https://registry.npmjs.org/signal-exit/-/signal-exit-3.0.7.tgz 924ms (cache miss)
666 http fetch GET 200 https://registry.npmjs.org/get-stream/-/get-stream-6.0.1.tgz 918ms (cache miss)
667 http fetch GET 200 https://registry.npmjs.org/ms/-/ms-2.0.0.tgz 922ms (cache miss)
668 http fetch GET 200 https://registry.npmjs.org/safe-buffer/-/safe-buffer-5.2.1.tgz 910ms (cache miss)
669 http fetch GET 200 https://registry.npmjs.org/compressible/-/compressible-2.0.18.tgz 914ms (cache miss)
670 http fetch GET 200 https://registry.npmjs.org/color-convert/-/color-convert-2.0.1.tgz 1010ms (cache miss)
671 http fetch GET 200 https://registry.npmjs.org/is-wsl/-/is-wsl-2.2.0.tgz 923ms (cache miss)
672 http fetch GET 200 https://registry.npmjs.org/cli-boxes/-/cli-boxes-3.0.0.tgz 921ms (cache miss)
673 http fetch GET 200 https://registry.npmjs.org/on-headers/-/on-headers-1.1.0.tgz 942ms (cache miss)
674 http fetch GET 200 https://registry.npmjs.org/wrap-ansi/-/wrap-ansi-8.1.0.tgz 946ms (cache miss)
675 http fetch GET 200 https://registry.npmjs.org/bytes/-/bytes-3.1.2.tgz 954ms (cache miss)
676 http fetch GET 200 https://registry.npmjs.org/widest-line/-/widest-line-4.0.1.tgz 951ms (cache miss)
677 http fetch GET 200 https://registry.npmjs.org/string-width/-/string-width-5.1.2.tgz 948ms (cache miss)
678 http fetch GET 200 https://registry.npmjs.org/is-port-reachable/-/is-port-reachable-4.0.0.tgz 970ms (cache miss)
679 http fetch GET 200 https://registry.npmjs.org/ansi-align/-/ansi-align-3.0.1.tgz 989ms (cache miss)
680 http fetch GET 200 https://registry.npmjs.org/camelcase/-/camelcase-7.0.1.tgz 1000ms (cache miss)
681 http fetch GET 200 https://registry.npmjs.org/require-from-string/-/require-from-string-2.0.2.tgz 999ms (cache miss)
682 http fetch GET 200 https://registry.npmjs.org/arch/-/arch-2.2.0.tgz 1012ms (cache miss)
683 http fetch GET 200 https://registry.npmjs.org/chalk-template/-/chalk-template-0.4.0.tgz 997ms (cache miss)
684 http fetch GET 200 https://registry.npmjs.org/compression/-/compression-1.8.1.tgz 1010ms (cache miss)
685 http fetch GET 200 https://registry.npmjs.org/ansi-regex/-/ansi-regex-5.0.1.tgz 1004ms (cache miss)
686 http fetch GET 200 https://registry.npmjs.org/strip-ansi/-/strip-ansi-6.0.1.tgz 1005ms (cache miss)
687 http fetch GET 200 https://registry.npmjs.org/arg/-/arg-5.0.2.tgz 1023ms (cache miss)
688 http fetch GET 200 https://registry.npmjs.org/boxen/-/boxen-7.0.0.tgz 1029ms (cache miss)
689 http fetch GET 200 https://registry.npmjs.org/bytes/-/bytes-3.0.0.tgz 1018ms (cache miss)
690 http fetch GET 200 https://registry.npmjs.org/string-width/-/string-width-4.2.3.tgz 1018ms (cache miss)
691 http fetch GET 200 https://registry.npmjs.org/ansi-styles/-/ansi-styles-4.3.0.tgz 1017ms (cache miss)
692 http fetch GET 200 https://registry.npmjs.org/update-check/-/update-check-1.5.4.tgz 1057ms (cache miss)
693 http fetch GET 200 https://registry.npmjs.org/serve/-/serve-14.2.6.tgz 1038ms (cache miss)
694 http fetch GET 200 https://registry.npmjs.org/registry-auth-token/-/registry-auth-token-3.3.2.tgz 1176ms (cache miss)
695 http fetch GET 200 https://registry.npmjs.org/mime-db/-/mime-db-1.54.0.tgz 1113ms (cache miss)
696 http fetch GET 200 https://registry.npmjs.org/negotiator/-/negotiator-0.6.4.tgz 1117ms (cache miss)
697 http fetch GET 200 https://registry.npmjs.org/cross-spawn/-/cross-spawn-7.0.6.tgz 1141ms (cache miss)
698 http fetch GET 200 https://registry.npmjs.org/mime-db/-/mime-db-1.33.0.tgz 1077ms (cache miss)
699 http fetch GET 200 https://registry.npmjs.org/chalk/-/chalk-4.1.2.tgz 1075ms (cache miss)
700 http fetch GET 200 https://registry.npmjs.org/emoji-regex/-/emoji-regex-8.0.0.tgz 1078ms (cache miss)
701 http fetch GET 200 https://registry.npmjs.org/rc/-/rc-1.2.8.tgz 1213ms (cache miss)
702 http fetch GET 200 https://registry.npmjs.org/fast-deep-equal/-/fast-deep-equal-3.1.3.tgz 1129ms (cache miss)
703 http fetch GET 200 https://registry.npmjs.org/execa/-/execa-5.1.1.tgz 1151ms (cache miss)
704 http fetch GET 200 https://registry.npmjs.org/emoji-regex/-/emoji-regex-9.2.2.tgz 1236ms (cache miss)
705 http fetch GET 200 https://registry.npmjs.org/serve-handler/-/serve-handler-6.1.7.tgz 1137ms (cache miss)
706 http fetch GET 200 https://registry.npmjs.org/json-schema-traverse/-/json-schema-traverse-1.0.0.tgz 1151ms (cache miss)
707 http fetch GET 200 https://registry.npmjs.org/debug/-/debug-2.6.9.tgz 1185ms (cache miss)
708 http fetch GET 200 https://registry.npmjs.org/human-signals/-/human-signals-2.1.0.tgz 1210ms (cache miss)
709 http fetch GET 200 https://registry.npmjs.org/chalk/-/chalk-5.0.1.tgz 1159ms (cache miss)
710 http fetch GET 200 https://registry.npmjs.org/@zeit/schemas/-/schemas-2.36.0.tgz 1159ms (cache miss)
711 http fetch GET 200 https://registry.npmjs.org/minimist/-/minimist-1.2.8.tgz 1300ms (cache miss)
712 http fetch GET 200 https://registry.npmjs.org/clipboardy/-/clipboardy-3.0.0.tgz 1196ms (cache miss)
713 http fetch GET 200 https://registry.npmjs.org/fast-uri/-/fast-uri-3.1.3.tgz 1227ms (cache miss)
714 http fetch GET 200 https://registry.npmjs.org/type-fest/-/type-fest-2.19.0.tgz 1333ms (cache miss)
715 http fetch GET 200 https://registry.npmjs.org/ajv/-/ajv-8.18.0.tgz 2478ms (cache miss)
716 silly ADD node_modules/color-name
717 silly ADD node_modules/color-convert
718 silly ADD node_modules/has-flag
719 silly ADD node_modules/supports-color
720 silly ADD node_modules/is-fullwidth-code-point
721 silly ADD node_modules/ansi-styles
722 silly ADD node_modules/isexe
723 silly ADD node_modules/strip-json-comments
724 silly ADD node_modules/minimist
725 silly ADD node_modules/ini
726 silly ADD node_modules/deep-extend
727 silly ADD node_modules/rc
728 silly ADD node_modules/registry-url
729 silly ADD node_modules/registry-auth-token
730 silly ADD node_modules/ansi-regex
731 silly ADD node_modules/strip-ansi
732 silly ADD node_modules/emoji-regex
733 silly ADD node_modules/eastasianwidth
734 silly ADD node_modules/shebang-regex
735 silly ADD node_modules/concat-map
736 silly ADD node_modules/balanced-match
737 silly ADD node_modules/brace-expansion
738 silly ADD node_modules/range-parser
739 silly ADD node_modules/path-to-regexp
740 silly ADD node_modules/path-is-inside
741 silly ADD node_modules/minimatch
742 silly ADD node_modules/mime-types
743 silly ADD node_modules/mime-types/node_modules/mime-db
744 silly ADD node_modules/content-disposition
745 silly ADD node_modules/mimic-fn
746 silly ADD node_modules/is-docker
747 silly ADD node_modules/which
748 silly ADD node_modules/shebang-command
749 silly ADD node_modules/path-key
750 silly ADD node_modules/strip-final-newline
751 silly ADD node_modules/signal-exit
752 silly ADD node_modules/onetime
753 silly ADD node_modules/npm-run-path
754 silly ADD node_modules/merge-stream
755 silly ADD node_modules/is-stream
756 silly ADD node_modules/human-signals
757 silly ADD node_modules/get-stream
758 silly ADD node_modules/cross-spawn
759 silly ADD node_modules/ms
760 silly ADD node_modules/mime-db
761 silly ADD node_modules/vary
762 silly ADD node_modules/safe-buffer
763 silly ADD node_modules/on-headers
764 silly ADD node_modules/negotiator
765 silly ADD node_modules/debug
766 silly ADD node_modules/compressible
767 silly ADD node_modules/bytes
768 silly ADD node_modules/is-wsl
769 silly ADD node_modules/execa
770 silly ADD node_modules/arch
771 silly ADD node_modules/wrap-ansi
772 silly ADD node_modules/widest-line
773 silly ADD node_modules/type-fest
774 silly ADD node_modules/string-width
775 silly ADD node_modules/cli-boxes
776 silly ADD node_modules/camelcase
777 silly ADD node_modules/ansi-align
778 silly ADD node_modules/ansi-align/node_modules/ansi-regex
779 silly ADD node_modules/ansi-align/node_modules/strip-ansi
780 silly ADD node_modules/ansi-align/node_modules/emoji-regex
781 silly ADD node_modules/ansi-align/node_modules/string-width
782 silly ADD node_modules/require-from-string
783 silly ADD node_modules/json-schema-traverse
784 silly ADD node_modules/fast-uri
785 silly ADD node_modules/fast-deep-equal
786 silly ADD node_modules/update-check
787 silly ADD node_modules/serve-handler
788 silly ADD node_modules/serve-handler/node_modules/bytes
789 silly ADD node_modules/is-port-reachable
790 silly ADD node_modules/compression
791 silly ADD node_modules/clipboardy
792 silly ADD node_modules/chalk-template
793 silly ADD node_modules/chalk-template/node_modules/ansi-styles
794 silly ADD node_modules/chalk-template/node_modules/chalk
795 silly ADD node_modules/chalk
796 silly ADD node_modules/boxen
797 silly ADD node_modules/arg
798 silly ADD node_modules/ajv
799 silly ADD node_modules/@zeit/schemas
800 silly ADD node_modules/serve
801 verbose cwd E:\KBW
802 verbose os Windows_NT 10.0.26200
803 verbose node v20.19.4
804 verbose npm  v11.14.1
805 notice
805 notice New [33mminor[39m version of npm available! [33m11.14.1[39m -> [34m11.18.0[39m
805 notice Changelog: [34mhttps://github.com/npm/cli/releases/tag/v11.18.0[39m
805 notice To update run: [4mnpm install -g npm@11.18.0[24m
805 notice  { force: true, [Symbol(proc-log.meta)]: true }
806 verbose exit 0
807 info ok
